<?xml version="1.0" encoding="UTF-8"?>
<testng-results skipped="0" failed="0" total="1" passed="1">
  <reporter-output>
  </reporter-output>
  <suite name="Default suite" duration-ms="9330" started-at="2015-10-08T10:37:35Z" finished-at="2015-10-08T10:37:44Z">
    <groups>
    </groups>
    <test name="Default test" duration-ms="9330" started-at="2015-10-08T10:37:35Z" finished-at="2015-10-08T10:37:44Z">
      <class name="demopackage.Demo">
        <test-method status="PASS" signature="f()[pri:0, instance:demopackage.Demo@2be94b0f]" name="f" duration-ms="9308" started-at="2015-10-08T16:07:35Z" finished-at="2015-10-08T16:07:44Z">
          <reporter-output>
          </reporter-output>
        </test-method> <!-- f -->
      </class> <!-- demopackage.Demo -->
    </test> <!-- Default test -->
  </suite> <!-- Default suite -->
</testng-results>
